<?xml version="1.0" encoding="UTF-8"?>
<testng-results ignored="0" total="2" passed="2" failed="0" skipped="0">
  <reporter-output>
  </reporter-output>
  <suite started-at="2025-04-06T15:31:43 PKT" name="Suite" finished-at="2025-04-06T15:33:00 PKT" duration-ms="77478">
    <groups>
    </groups>
    <test started-at="2025-04-06T15:31:43 PKT" name="TestOnChrome" finished-at="2025-04-06T15:32:19 PKT" duration-ms="36304">
      <class name="com.Cross_Browser_Testing.CrossBrowserTestingDemo">
        <test-method is-config="true" signature="LaunchBrowser(java.lang.String)[pri:0, instance:com.Cross_Browser_Testing.CrossBrowserTestingDemo@50eac852]" started-at="2025-04-06T15:31:43 PKT" name="LaunchBrowser" finished-at="2025-04-06T15:32:05 PKT" duration-ms="21621" status="PASS">
          <params>
            <param index="0">
              <value>
                <![CDATA[CHROME]]>
              </value>
            </param>
          </params>
          <reporter-output>
          </reporter-output>
        </test-method> <!-- LaunchBrowser -->
        <test-method signature="verifyTitle()[pri:0, instance:com.Cross_Browser_Testing.CrossBrowserTestingDemo@50eac852]" started-at="2025-04-06T15:32:05 PKT" name="verifyTitle" finished-at="2025-04-06T15:32:16 PKT" duration-ms="11158" status="PASS">
          <reporter-output>
          </reporter-output>
        </test-method> <!-- verifyTitle -->
        <test-method is-config="true" signature="Quit()[pri:0, instance:com.Cross_Browser_Testing.CrossBrowserTestingDemo@50eac852]" started-at="2025-04-06T15:32:16 PKT" name="Quit" finished-at="2025-04-06T15:32:19 PKT" duration-ms="3439" status="PASS">
          <reporter-output>
          </reporter-output>
        </test-method> <!-- Quit -->
      </class> <!-- com.Cross_Browser_Testing.CrossBrowserTestingDemo -->
    </test> <!-- TestOnChrome -->
    <test started-at="2025-04-06T15:32:19 PKT" name="TestOnEdge" finished-at="2025-04-06T15:33:00 PKT" duration-ms="41049">
      <class name="com.Cross_Browser_Testing.CrossBrowserTestingDemo">
        <test-method is-config="true" signature="LaunchBrowser(java.lang.String)[pri:0, instance:com.Cross_Browser_Testing.CrossBrowserTestingDemo@131774fe]" started-at="2025-04-06T15:32:19 PKT" name="LaunchBrowser" finished-at="2025-04-06T15:32:48 PKT" duration-ms="28335" status="PASS">
          <params>
            <param index="0">
              <value>
                <![CDATA[MSEDGE]]>
              </value>
            </param>
          </params>
          <reporter-output>
          </reporter-output>
        </test-method> <!-- LaunchBrowser -->
        <test-method signature="verifyTitle()[pri:0, instance:com.Cross_Browser_Testing.CrossBrowserTestingDemo@131774fe]" started-at="2025-04-06T15:32:48 PKT" name="verifyTitle" finished-at="2025-04-06T15:32:55 PKT" duration-ms="6966" status="PASS">
          <reporter-output>
          </reporter-output>
        </test-method> <!-- verifyTitle -->
        <test-method is-config="true" signature="Quit()[pri:0, instance:com.Cross_Browser_Testing.CrossBrowserTestingDemo@131774fe]" started-at="2025-04-06T15:32:55 PKT" name="Quit" finished-at="2025-04-06T15:33:00 PKT" duration-ms="5748" status="PASS">
          <reporter-output>
          </reporter-output>
        </test-method> <!-- Quit -->
      </class> <!-- com.Cross_Browser_Testing.CrossBrowserTestingDemo -->
    </test> <!-- TestOnEdge -->
  </suite> <!-- Suite -->
</testng-results>
